This is pdfTeX, Version 3.14159265-2.6-1.40.17 (MiKTeX 2.9) (preloaded format=pdflatex 2016.6.25)  13 SEP 2016 11:48
entering extended mode
**./TESINAFINALE.tex
(TESINAFINALE.tex
LaTeX2e <2016/03/31>
Babel <3.9r> and hyphenation patterns for 75 language(s) loaded.
("C:\Program Files (x86)\MiKTeX 2.9\tex\latex\base\article.cls"
Document Class: article 2014/09/29 v1.4h Standard LaTeX document class
("C:\Program Files (x86)\MiKTeX 2.9\tex\latex\base\size10.clo"
File: size10.clo 2014/09/29 v1.4h Standard LaTeX file (size option)
)
\c@part=\count79
\c@section=\count80
\c@subsection=\count81
\c@subsubsection=\count82
\c@paragraph=\count83
\c@subparagraph=\count84
\c@figure=\count85
\c@table=\count86
\abovecaptionskip=\skip41
\belowcaptionskip=\skip42
\bibindent=\dimen102
)
("C:\Program Files (x86)\MiKTeX 2.9\tex\latex\base\fontenc.sty"
Package: fontenc 2005/09/27 v1.99g Standard LaTeX package

("C:\Program Files (x86)\MiKTeX 2.9\tex\latex\base\t1enc.def"
File: t1enc.def 2005/09/27 v1.99g Standard LaTeX file
LaTeX Font Info:    Redeclaring font encoding T1 on input line 48.
))
("C:\Program Files (x86)\MiKTeX 2.9\tex\latex\base\inputenc.sty"
Package: inputenc 2015/03/17 v1.2c Input encoding file
\inpenc@prehook=\toks14
\inpenc@posthook=\toks15

(C:\Users\ShanjRaulKen\AppData\Roaming\MiKTeX\2.9\tex\latex\ucs\utf8x.def
File: utf8x.def 2004/10/17 UCS: Input encoding UTF-8
))
(C:\Users\ShanjRaulKen\AppData\Roaming\MiKTeX\2.9\tex\latex\ucs\ucs.sty
Package: ucs 2013/05/11 v2.2 UCS: Unicode input support

(C:\Users\ShanjRaulKen\AppData\Roaming\MiKTeX\2.9\tex\latex\ucs\uni-global.def
File: uni-global.def 2013/05/13 UCS: Unicode global data
)
\uc@secondtry=\count87
\uc@combtoks=\toks16
\uc@combtoksb=\toks17
\uc@temptokena=\toks18
) ("C:\Program Files (x86)\MiKTeX 2.9\tex\generic\babel\babel.sty"
Package: babel 2016/04/23 3.9r The Babel package

*************************************
* Local config file bblopts.cfg used
*
(C:\Users\ShanjRaulKen\AppData\Roaming\MiKTeX\2.9\tex\latex\arabi\bblopts.cfg
File: bblopts.cfg 2005/09/08 v0.1 add Arabic and Farsi to "declared" options of
 babel
)
(C:\Users\ShanjRaulKen\AppData\Roaming\MiKTeX\2.9\tex\latex\babel-italian\itali
an.ldf
Language: italian 2015/03/26 v1.3n Italian support from the babel system
 ("C:\Program Files (x86)\MiKTeX 2.9\tex\generic\babel\babel.def"
File: babel.def 2016/04/23 3.9r Babel common definitions
\babel@savecnt=\count88
\U@D=\dimen103
)
\it@lettering=\count89
\it@doublequoteactive=\count90
\it@ISOcompliance=\count91
)
("C:\Program Files (x86)\MiKTeX 2.9\tex\latex\babel-english\english.ldf"
Language: english 2012/08/20 v3.3p English support from the babel system
\l@canadian = a dialect from \language\l@american 
\l@australian = a dialect from \language\l@british 
\l@newzealand = a dialect from \language\l@british 
))
(C:\Users\ShanjRaulKen\AppData\Roaming\MiKTeX\2.9\tex\latex\etoolbox\etoolbox.s
ty
Package: etoolbox 2015/08/02 v2.2a e-TeX tools for LaTeX (JAW)
\etb@tempcnta=\count92
) ("C:\Program Files (x86)\MiKTeX 2.9\tex\latex\amsfonts\amssymb.sty"
Package: amssymb 2013/01/14 v3.01 AMS font symbols

("C:\Program Files (x86)\MiKTeX 2.9\tex\latex\amsfonts\amsfonts.sty"
Package: amsfonts 2013/01/14 v3.01 Basic AMSFonts support
\@emptytoks=\toks19
\symAMSa=\mathgroup4
\symAMSb=\mathgroup5
LaTeX Font Info:    Overwriting math alphabet `\mathfrak' in version `bold'
(Font)                  U/euf/m/n --> U/euf/b/n on input line 106.
))
("C:\Program Files (x86)\MiKTeX 2.9\tex\latex\base\latexsym.sty"
Package: latexsym 1998/08/17 v2.2e Standard LaTeX package (lasy symbols)
\symlasy=\mathgroup6
LaTeX Font Info:    Overwriting symbol font `lasy' in version `bold'
(Font)                  U/lasy/m/n --> U/lasy/b/n on input line 52.
)
("C:\Program Files (x86)\MiKTeX 2.9\tex\latex\amsmath\amsmath.sty"
Package: amsmath 2016/03/10 v2.15b AMS math features
\@mathmargin=\skip43

For additional information on amsmath, use the `?' option.
("C:\Program Files (x86)\MiKTeX 2.9\tex\latex\amsmath\amstext.sty"
Package: amstext 2000/06/29 v2.01 AMS text

("C:\Program Files (x86)\MiKTeX 2.9\tex\latex\amsmath\amsgen.sty"
File: amsgen.sty 1999/11/30 v2.0 generic functions
\@emptytoks=\toks20
\ex@=\dimen104
))
("C:\Program Files (x86)\MiKTeX 2.9\tex\latex\amsmath\amsbsy.sty"
Package: amsbsy 1999/11/29 v1.2d Bold Symbols
\pmbraise@=\dimen105
)
("C:\Program Files (x86)\MiKTeX 2.9\tex\latex\amsmath\amsopn.sty"
Package: amsopn 2016/03/08 v2.02 operator names
)
\inf@bad=\count93
LaTeX Info: Redefining \frac on input line 199.
\uproot@=\count94
\leftroot@=\count95
LaTeX Info: Redefining \overline on input line 297.
\classnum@=\count96
\DOTSCASE@=\count97
LaTeX Info: Redefining \ldots on input line 394.
LaTeX Info: Redefining \dots on input line 397.
LaTeX Info: Redefining \cdots on input line 518.
\Mathstrutbox@=\box26
\strutbox@=\box27
\big@size=\dimen106
LaTeX Font Info:    Redeclaring font encoding OML on input line 634.
LaTeX Font Info:    Redeclaring font encoding OMS on input line 635.
\macc@depth=\count98
\c@MaxMatrixCols=\count99
\dotsspace@=\muskip10
\c@parentequation=\count100
\dspbrk@lvl=\count101
\tag@help=\toks21
\row@=\count102
\column@=\count103
\maxfields@=\count104
\andhelp@=\toks22
\eqnshift@=\dimen107
\alignsep@=\dimen108
\tagshift@=\dimen109
\tagwidth@=\dimen110
\totwidth@=\dimen111
\lineht@=\dimen112
\@envbody=\toks23
\multlinegap=\skip44
\multlinetaggap=\skip45
\mathdisplay@stack=\toks24
LaTeX Info: Redefining \[ on input line 2739.
LaTeX Info: Redefining \] on input line 2740.
)
(C:\Users\ShanjRaulKen\AppData\Roaming\MiKTeX\2.9\tex\latex\lipsum\lipsum.sty
Package: lipsum 2014/07/27 v1.3 150 paragraphs of Lorem Ipsum dummy text
\c@lips@count=\count105
)
(C:\Users\ShanjRaulKen\AppData\Roaming\MiKTeX\2.9\tex\latex\url\url.sty
\Urlmuskip=\muskip11
Package: url 2013/09/16  ver 3.4  Verb mode for urls, etc.
)
("C:\Program Files (x86)\MiKTeX 2.9\tex\latex\graphics\graphicx.sty"
Package: graphicx 2014/10/28 v1.0g Enhanced LaTeX Graphics (DPC,SPQR)

("C:\Program Files (x86)\MiKTeX 2.9\tex\latex\graphics\keyval.sty"
Package: keyval 2014/10/28 v1.15 key=value parser (DPC)
\KV@toks@=\toks25
)
("C:\Program Files (x86)\MiKTeX 2.9\tex\latex\graphics\graphics.sty"
Package: graphics 2016/05/09 v1.0r Standard LaTeX Graphics (DPC,SPQR)

("C:\Program Files (x86)\MiKTeX 2.9\tex\latex\graphics\trig.sty"
Package: trig 2016/01/03 v1.10 sin cos tan (DPC)
)
("C:\Program Files (x86)\MiKTeX 2.9\tex\latex\00miktex\graphics.cfg"
File: graphics.cfg 2016/01/02 v1.10 sample graphics configuration
)
Package graphics Info: Driver file: pdftex.def on input line 96.

("C:\Program Files (x86)\MiKTeX 2.9\tex\latex\pdftex-def\pdftex.def"
File: pdftex.def 2011/05/27 v0.06d Graphics/color for pdfTeX

("C:\Program Files (x86)\MiKTeX 2.9\tex\generic\oberdiek\infwarerr.sty"
Package: infwarerr 2016/05/16 v1.4 Providing info/warning/error messages (HO)
)
("C:\Program Files (x86)\MiKTeX 2.9\tex\generic\oberdiek\ltxcmds.sty"
Package: ltxcmds 2016/05/16 v1.23 LaTeX kernel commands for general use (HO)
)
\Gread@gobject=\count106
))
\Gin@req@height=\dimen113
\Gin@req@width=\dimen114
)

LaTeX Warning: Unused global option(s):
    [13pt].

(TESINAFINALE.aux)
\openout1 = `TESINAFINALE.aux'.

LaTeX Font Info:    Checking defaults for OML/cmm/m/it on input line 9.
LaTeX Font Info:    ... okay on input line 9.
LaTeX Font Info:    Checking defaults for T1/cmr/m/n on input line 9.
LaTeX Font Info:    ... okay on input line 9.
LaTeX Font Info:    Checking defaults for OT1/cmr/m/n on input line 9.
LaTeX Font Info:    ... okay on input line 9.
LaTeX Font Info:    Checking defaults for OMS/cmsy/m/n on input line 9.
LaTeX Font Info:    ... okay on input line 9.
LaTeX Font Info:    Checking defaults for OMX/cmex/m/n on input line 9.
LaTeX Font Info:    ... okay on input line 9.
LaTeX Font Info:    Checking defaults for U/cmr/m/n on input line 9.
LaTeX Font Info:    ... okay on input line 9.

(C:\Users\ShanjRaulKen\AppData\Roaming\MiKTeX\2.9\tex\latex\ucs\ucsencs.def
File: ucsencs.def 2011/01/21 Fixes to fontencodings LGR, T3
)
LaTeX Info: Redefining \it@ocap on input line 9.
LaTeX Info: Redefining \it@ccap on input line 9.

(C:\Users\ShanjRaulKen\AppData\Roaming\MiKTeX\2.9\tex\context\base\supp-pdf.mki
i
[Loading MPS to PDF converter (version 2006.09.02).]
\scratchcounter=\count107
\scratchdimen=\dimen115
\scratchbox=\box28
\nofMPsegments=\count108
\nofMParguments=\count109
\everyMPshowfont=\toks26
\MPscratchCnt=\count110
\MPscratchDim=\dimen116
\MPnumerator=\count111
\makeMPintoPDFobject=\count112
\everyMPtoPDFconversion=\toks27
) ("C:\Program Files (x86)\MiKTeX 2.9\tex\generic\oberdiek\pdftexcmds.sty"
Package: pdftexcmds 2016/05/21 v0.22 Utility functions of pdfTeX for LuaTeX (HO
)

("C:\Program Files (x86)\MiKTeX 2.9\tex\generic\oberdiek\ifluatex.sty"
Package: ifluatex 2016/05/16 v1.4 Provides the ifluatex switch (HO)
Package ifluatex Info: LuaTeX not detected.
)
("C:\Program Files (x86)\MiKTeX 2.9\tex\generic\oberdiek\ifpdf.sty"
Package: ifpdf 2016/05/14 v3.1 Provides the ifpdf switch
)
Package pdftexcmds Info: LuaTeX not detected.
Package pdftexcmds Info: \pdf@primitive is available.
Package pdftexcmds Info: \pdf@ifprimitive is available.
Package pdftexcmds Info: \pdfdraftmode found.
)
("C:\Program Files (x86)\MiKTeX 2.9\tex\latex\oberdiek\epstopdf-base.sty"
Package: epstopdf-base 2016/05/15 v2.6 Base part for package epstopdf

("C:\Program Files (x86)\MiKTeX 2.9\tex\latex\oberdiek\grfext.sty"
Package: grfext 2016/05/16 v1.2 Manage graphics extensions (HO)

("C:\Program Files (x86)\MiKTeX 2.9\tex\generic\oberdiek\kvdefinekeys.sty"
Package: kvdefinekeys 2016/05/16 v1.4 Define keys (HO)
))
("C:\Program Files (x86)\MiKTeX 2.9\tex\latex\oberdiek\kvoptions.sty"
Package: kvoptions 2016/05/16 v3.12 Key value format for package options (HO)

("C:\Program Files (x86)\MiKTeX 2.9\tex\generic\oberdiek\kvsetkeys.sty"
Package: kvsetkeys 2016/05/16 v1.17 Key value parser (HO)

("C:\Program Files (x86)\MiKTeX 2.9\tex\generic\oberdiek\etexcmds.sty"
Package: etexcmds 2016/05/16 v1.6 Avoid name clashes with e-TeX commands (HO)
Package etexcmds Info: Could not find \expanded.
(etexcmds)             That can mean that you are not using pdfTeX 1.50 or
(etexcmds)             that some package has redefined \expanded.
(etexcmds)             In the latter case, load this package earlier.
)))
Package grfext Info: Graphics extension search list:
(grfext)             [.png,.pdf,.jpg,.mps,.jpeg,.jbig2,.jb2,.PNG,.PDF,.JPG,.JPE
G,.JBIG2,.JB2,.eps]
(grfext)             \AppendGraphicsExtensions on input line 456.
)
(C:\Users\ShanjRaulKen\AppData\Roaming\MiKTeX\2.9\tex\latex\ucs\uni-0.def
File: uni-0.def 2013/05/13 UCS: Unicode data U+0000..U+00FF
)
LaTeX Font Info:    Try loading font information for U+msa on input line 12.

("C:\Program Files (x86)\MiKTeX 2.9\tex\latex\amsfonts\umsa.fd"
File: umsa.fd 2013/01/14 v3.01 AMS symbols A
)
LaTeX Font Info:    Try loading font information for U+msb on input line 12.

("C:\Program Files (x86)\MiKTeX 2.9\tex\latex\amsfonts\umsb.fd"
File: umsb.fd 2013/01/14 v3.01 AMS symbols B
)
LaTeX Font Info:    Try loading font information for U+lasy on input line 12.

("C:\Program Files (x86)\MiKTeX 2.9\tex\latex\base\ulasy.fd"
File: ulasy.fd 1998/08/17 v2.2e LaTeX symbol font definitions
)
<graph/paleoliche.jpg, id=1, 352.31625pt x 234.8775pt>
File: graph/paleoliche.jpg Graphic file (type jpg)

<use graph/paleoliche.jpg>
Package pdftex.def Info: graph/paleoliche.jpg used on input line 15.
(pdftex.def)             Requested size: 211.39137pt x 140.92758pt.
 [1

{C:/Users/ShanjRaulKen/AppData/Local/MiKTeX/2.9/pdftex/config/pdftex.map} <./gr
aph/paleoliche.jpg>]
LaTeX Font Info:    Try loading font information for OMS+cmr on input line 31.

("C:\Program Files (x86)\MiKTeX 2.9\tex\latex\base\omscmr.fd"
File: omscmr.fd 2014/09/29 v2.5h Standard LaTeX font definitions
)
LaTeX Font Info:    Font shape `OMS/cmr/m/n' in size <10> not available
(Font)              Font shape `OMS/cmsy/m/n' tried instead on input line 31.
 [2] [3]
Underfull \hbox (badness 10000) in paragraph at lines 152--153

 []


Underfull \hbox (badness 10000) in paragraph at lines 161--162

 []

<eolcont.png, id=23, 586.19pt x 318.18875pt>
File: eolcont.png Graphic file (type png)
 <use eolcont.png>
Package pdftex.def Info: eolcont.png used on input line 175.
(pdftex.def)             Requested size: 351.7167pt x 190.9147pt.

Overfull \hbox (6.7167pt too wide) in paragraph at lines 175--176
 [] 
 []


Underfull \hbox (badness 10000) in paragraph at lines 183--185

 []

[4 <./eolcont.png>]
Underfull \hbox (badness 10000) in paragraph at lines 236--237

 []


Underfull \hbox (badness 10000) in paragraph at lines 238--240

 []


Underfull \hbox (badness 10000) in paragraph at lines 238--240

 []


Underfull \hbox (badness 10000) in paragraph at lines 243--244

 []


Underfull \hbox (badness 10000) in paragraph at lines 254--255

 []


Underfull \hbox (badness 10000) in paragraph at lines 254--255

 []


Overfull \hbox (62.01933pt too wide) detected at line 290
\OML/cmm/m/it/10 K \OT1/cmr/m/n/10 = [] = [] [] = [] = [] = []
 []


Underfull \hbox (badness 10000) in paragraph at lines 290--291

 []

[5] <graph/ycont.png, id=32, 411.136pt x 308.352pt>
File: graph/ycont.png Graphic file (type png)
 <use graph/ycont.png>
Package pdftex.def Info: graph/ycont.png used on input line 297.
(pdftex.def)             Requested size: 246.6835pt x 185.01262pt.

Overfull \hbox (5.8299pt too wide) in paragraph at lines 299--302
\T1/cmr/m/n/10 É pos-si-bile no-tare l'effeto del con-trollo oltre quello pro-p
orzionale , che l'integrativo
 []

<graph/ucont.png, id=33, 411.136pt x 308.352pt>
File: graph/ucont.png Graphic file (type png)
 <use graph/ucont.png>
Package pdftex.def Info: graph/ucont.png used on input line 303.
(pdftex.def)             Requested size: 246.6835pt x 185.01262pt.

Underfull \hbox (badness 10000) in paragraph at lines 305--306

 []

<graph/ycontsin.png, id=34, 411.136pt x 308.352pt>
File: graph/ycontsin.png Graphic file (type png)
 <use graph/ycontsin.png>
Package pdftex.def Info: graph/ycontsin.png used on input line 307.
(pdftex.def)             Requested size: 246.6835pt x 185.01262pt.

[6 <./graph/ycont.png (PNG copy)> <./graph/ucont.png (PNG copy)>]
Underfull \hbox (badness 10000) in paragraph at lines 309--310

 []

<graph/ucontsin.png, id=38, 411.136pt x 308.352pt>
File: graph/ucontsin.png Graphic file (type png)
 <use graph/ucontsin.png>
Package pdftex.def Info: graph/ucontsin.png used on input line 311.
(pdftex.def)             Requested size: 246.6835pt x 185.01262pt.

Underfull \hbox (badness 10000) in paragraph at lines 314--321

 []

[7 <./graph/ycontsin.png (PNG copy)> <./graph/ucontsin.png (PNG copy)>]
<eoltrig.png, id=43, 579.16376pt x 361.35pt>
File: eoltrig.png Graphic file (type png)
 <use eoltrig.png>
Package pdftex.def Info: eoltrig.png used on input line 328.
(pdftex.def)             Requested size: 347.50093pt x 216.81168pt.

Overfull \hbox (2.50093pt too wide) in paragraph at lines 328--329
 [] 
 []


Underfull \hbox (badness 10000) in paragraph at lines 331--333

 []


Underfull \hbox (badness 10000) in paragraph at lines 331--333

 []


Underfull \hbox (badness 10000) in paragraph at lines 331--333

 []


Underfull \hbox (badness 10000) in paragraph at lines 331--333

 []


Underfull \hbox (badness 10000) in paragraph at lines 335--339

 []


Underfull \hbox (badness 10000) in paragraph at lines 335--339

 []


Underfull \hbox (badness 10000) in paragraph at lines 335--339

 []


Underfull \hbox (badness 10000) in paragraph at lines 335--339

 []


Underfull \hbox (badness 10000) in paragraph at lines 347--348

 []

[8 <./eoltrig.png>]
Underfull \hbox (badness 10000) in paragraph at lines 355--357

 []


Underfull \hbox (badness 10000) in paragraph at lines 365--366

 []


Underfull \hbox (badness 10000) in paragraph at lines 367--368

 []


Underfull \hbox (badness 10000) in paragraph at lines 376--377

 []


Underfull \hbox (badness 10000) in paragraph at lines 378--379

 []


Underfull \hbox (badness 10000) in paragraph at lines 388--389

 []


Underfull \hbox (badness 10000) in paragraph at lines 394--395

 []


Underfull \hbox (badness 10000) in paragraph at lines 396--397

 []


Underfull \hbox (badness 10000) in paragraph at lines 403--404

 []

[9] <graph/ydisc.png, id=51, 411.136pt x 308.352pt>
File: graph/ydisc.png Graphic file (type png)
 <use graph/ydisc.png>
Package pdftex.def Info: graph/ydisc.png used on input line 414.
(pdftex.def)             Requested size: 246.6835pt x 185.01262pt.

Underfull \hbox (badness 10000) in paragraph at lines 416--418

 []


Underfull \hbox (badness 10000) in paragraph at lines 416--418

 []

<graph/udisc.png, id=52, 411.136pt x 308.352pt>
File: graph/udisc.png Graphic file (type png)
 <use graph/udisc.png>
Package pdftex.def Info: graph/udisc.png used on input line 419.
(pdftex.def)             Requested size: 246.6835pt x 185.01262pt.

Underfull \hbox (badness 10000) in paragraph at lines 421--422

 []

[10 <./graph/ydisc.png (PNG copy)> <./graph/udisc.png (PNG copy)>]
<graph/trigger1.png, id=56, 1044.703pt x 355.729pt>
File: graph/trigger1.png Graphic file (type png)
 <use graph/trigger1.png>
Package pdftex.def Info: graph/trigger1.png used on input line 423.
(pdftex.def)             Requested size: 417.8738pt x 142.28908pt.

Overfull \hbox (72.8738pt too wide) in paragraph at lines 423--424
 [] 
 []

<graph/ydiscsin.png, id=57, 411.136pt x 308.352pt>
File: graph/ydiscsin.png Graphic file (type png)
 <use graph/ydiscsin.png>
Package pdftex.def Info: graph/ydiscsin.png used on input line 428.
(pdftex.def)             Requested size: 246.6835pt x 185.01262pt.

<graph/udiscsin.png, id=58, 411.136pt x 308.352pt>
File: graph/udiscsin.png Graphic file (type png)
 <use graph/udiscsin.png>
Package pdftex.def Info: graph/udiscsin.png used on input line 432.
(pdftex.def)             Requested size: 246.6835pt x 185.01262pt.

[11 <./graph/trigger1.png (PNG copy)> <./graph/ydiscsin.png (PNG copy)>]
<graph/trigger2.png, id=62, 1044.703pt x 355.729pt>
File: graph/trigger2.png Graphic file (type png)
 <use graph/trigger2.png>
Package pdftex.def Info: graph/trigger2.png used on input line 436.
(pdftex.def)             Requested size: 417.8738pt x 142.28908pt.

Overfull \hbox (72.8738pt too wide) in paragraph at lines 436--437
 [] 
 []

[12 <./graph/udiscsin.png (PNG copy)> <./graph/trigger2.png (PNG copy)>]
Overfull \hbox (18.44711pt too wide) in paragraph at lines 489--490
[]$\OML/cmm/m/it/10 ET\OT1/cmr/m/n/10 [\OML/cmm/m/it/10 DEOL\OT1/cmr/m/n/10 ] =
 \OML/cmm/m/it/10 ET\OT1/cmr/m/n/10 [\OML/cmm/m/it/10 CEOL\OT1/cmr/m/n/10 ]$ \T
1/cmr/m/n/10 col-lega l'uscita ET(trigger) del pro-cesso all'ingresso
 []


Underfull \hbox (badness 10000) in paragraph at lines 503--525

 []

[13]
Underfull \hbox (badness 10000) in paragraph at lines 556--569

 []

[14] [15] (TESINAFINALE.aux) ) 
Here is how much of TeX's memory you used:
 4507 strings out of 493335
 58577 string characters out of 3136659
 230980 words of memory out of 3000000
 7923 multiletter control sequences out of 15000+200000
 15234 words of font info for 52 fonts, out of 3000000 for 9000
 1141 hyphenation exceptions out of 8191
 37i,9n,26p,825b,589s stack positions out of 5000i,500n,10000p,200000b,50000s
 <C:\Users\ShanjRaulKen\AppData\Local\MiKTeX\2.9\
fonts\pk\ljfour\jknappen\ec\dpi600\ecbx1200.pk> <C:\Users\ShanjRaulKen\AppData\
Local\MiKTeX\2.9\fonts\pk\ljfour\jknappen\ec\dpi600\ecrm1000.pk> <C:\Users\Shan
jRaulKen\AppData\Local\MiKTeX\2.9\fonts\pk\ljfour\jknappen\ec\dpi600\ecbx1440.p
k> <C:\Users\ShanjRaulKen\AppData\Local\MiKTeX\2.9\fonts\pk\ljfour\jknappen\ec\
dpi600\ecrm1200.pk> <C:\Users\ShanjRaulKen\AppData\Local\MiKTeX\2.9\fonts\pk\lj
four\jknappen\ec\dpi600\ecrm1728.pk><C:/Program Files (x86)/MiKTeX 2.9/fonts/ty
pe1/public/amsfonts/cm/cmex10.pfb><C:/Program Files (x86)/MiKTeX 2.9/fonts/type
1/public/amsfonts/cm/cmmi10.pfb><C:/Program Files (x86)/MiKTeX 2.9/fonts/type1/
public/amsfonts/cm/cmmi5.pfb><C:/Program Files (x86)/MiKTeX 2.9/fonts/type1/pub
lic/amsfonts/cm/cmmi7.pfb><C:/Program Files (x86)/MiKTeX 2.9/fonts/type1/public
/amsfonts/cm/cmr10.pfb><C:/Program Files (x86)/MiKTeX 2.9/fonts/type1/public/am
sfonts/cm/cmr7.pfb><C:/Program Files (x86)/MiKTeX 2.9/fonts/type1/public/amsfon
ts/cm/cmsy10.pfb><C:/Program Files (x86)/MiKTeX 2.9/fonts/type1/public/amsfonts
/cm/cmsy7.pfb>
Output written on TESINAFINALE.pdf (15 pages, 309285 bytes).
PDF statistics:
 306 PDF objects out of 1000 (max. 8388607)
 0 named destinations out of 1000 (max. 500000)
 66 words of extra memory for PDF output out of 10000 (max. 10000000)

